<?xml version="1.0" encoding="UTF-8"?>
<!-- Generated by org.testng.reporters.JUnitReportReporter -->
<testsuite hostname="HPS192-PC" failures="0" tests="2" name="Scripts.TestRedoRAA" time="31.414" errors="0" timestamp="2020-07-17T11:16:28 IST" skipped="0">
  <testcase classname="Scripts.TestRedoRAA" name="login" time="7.839"/>
  <testcase classname="Scripts.TestRedoRAA" name="redo" time="23.575"/>
</testsuite> <!-- Scripts.TestRedoRAA -->
