<?xml version="1.0" encoding="UTF-8"?>
<!-- Generated by org.testng.reporters.JUnitReportReporter -->
<testsuite skipped="0" hostname="HPS192-PC" name="Scripts.TestPromoGlobal" tests="2" failures="0" timestamp="2019-09-30T16:08:54 IST" time="27.080" errors="0">
  <testcase name="promoglobal" time="23.299" classname="Scripts.TestPromoGlobal"/>
  <testcase name="login" time="3.781" classname="Scripts.TestPromoGlobal"/>
</testsuite> <!-- Scripts.TestPromoGlobal -->
