<?xml version="1.0" encoding="UTF-8"?>
<!-- Generated by org.testng.reporters.JUnitReportReporter -->
<testsuite hostname="HPS192-PC" failures="0" tests="2" name="Scripts.TestRedoRAABundle" time="22.078" errors="0" timestamp="2020-07-16T18:25:50 IST" skipped="0">
  <testcase classname="Scripts.TestRedoRAABundle" name="redo" time="14.309"/>
  <testcase classname="Scripts.TestRedoRAABundle" name="login" time="7.769"/>
</testsuite> <!-- Scripts.TestRedoRAABundle -->
