<?xml version="1.0" encoding="UTF-8"?>
<!-- Generated by org.testng.reporters.JUnitReportReporter -->
<testsuite hostname="HPS192-PC" failures="0" tests="2" name="Scripts.TestDraftReg" time="28.179" errors="0" timestamp="2020-06-01T12:58:16 IST" skipped="0">
  <testcase classname="Scripts.TestDraftReg" name="draft" time="20.437"/>
  <testcase classname="Scripts.TestDraftReg" name="login" time="7.742"/>
</testsuite> <!-- Scripts.TestDraftReg -->
