<?xml version="1.0" encoding="UTF-8"?>
<!-- Generated by org.testng.reporters.JUnitReportReporter -->
<testsuite skipped="0" hostname="HPS192-PC" name="Scripts.TestSalesLogin" tests="1" failures="0" timestamp="2019-10-01T15:38:20 IST" time="16.379" errors="0">
  <testcase name="saleslogin" time="16.379" classname="Scripts.TestSalesLogin"/>
</testsuite> <!-- Scripts.TestSalesLogin -->
