<?xml version="1.0" encoding="UTF-8"?>
<!-- Generated by org.testng.reporters.JUnitReportReporter -->
<testsuite hostname="HPS192-PC" failures="0" tests="2" name="Scripts.TestSMC" time="27.506" errors="0" timestamp="2020-07-17T19:38:05 IST" skipped="0">
  <testcase classname="Scripts.TestSMC" name="login" time="8.132"/>
  <testcase classname="Scripts.TestSMC" name="message" time="19.374"/>
</testsuite> <!-- Scripts.TestSMC -->
