<?xml version="1.0" encoding="UTF-8"?>
<!-- Generated by org.testng.reporters.JUnitReportReporter -->
<testsuite hostname="HPS192-PC" failures="0" tests="4" name="Scripts.TestCardsDraft1" time="143.225" errors="0" timestamp="2020-08-24T16:07:08 IST" skipped="0">
  <testcase classname="Scripts.TestCardsDraft1" name="cards" time="51.580"/>
  <testcase classname="Scripts.TestCardsDraft1" name="draft1" time="61.183"/>
  <testcase classname="Scripts.TestCardsDraft1" name="login" time="8.564"/>
  <testcase classname="Scripts.TestCardsDraft1" name="draft" time="21.898"/>
</testsuite> <!-- Scripts.TestCardsDraft1 -->
