<?xml version="1.0" encoding="UTF-8"?>
<!-- Generated by org.testng.reporters.JUnitReportReporter -->
<testsuite hostname="HPS192-PC" failures="0" tests="4" name="Scripts.TestCardsDraft1" time="147.716" errors="0" timestamp="2020-09-21T12:26:37 IST" skipped="0">
  <testcase classname="Scripts.TestCardsDraft1" name="cards" time="51.335"/>
  <testcase classname="Scripts.TestCardsDraft1" name="draft1" time="60.910"/>
  <testcase classname="Scripts.TestCardsDraft1" name="login" time="10.373"/>
  <testcase classname="Scripts.TestCardsDraft1" name="draft" time="25.098"/>
</testsuite> <!-- Scripts.TestCardsDraft1 -->
