<?xml version="1.0" encoding="UTF-8"?>
<!-- Generated by org.testng.reporters.JUnitReportReporter -->
<testsuite skipped="0" hostname="HPS192-PC" name="Scripts.TestSpecialPromo" tests="2" failures="0" timestamp="2019-09-30T17:58:38 IST" time="23.926" errors="0">
  <testcase name="promospecial" time="20.416" classname="Scripts.TestSpecialPromo"/>
  <testcase name="login" time="3.510" classname="Scripts.TestSpecialPromo"/>
</testsuite> <!-- Scripts.TestSpecialPromo -->
